<?xml version="1.0" encoding="UTF-8"?>
<!-- Generated by org.testng.reporters.JUnitReportReporter -->
<testsuite hostname="Likhith" failures="0" tests="2" name="testcases.TC_001_LoginPage" time="14.763" errors="0" timestamp="2025-09-04T16:17:06 IST" skipped="0">
  <testcase classname="testcases.TC_001_LoginPage" name="runLogin" time="7.740"/>
  <testcase classname="testcases.TC_001_LoginPage" name="runLogin" time="7.023"/>
</testsuite> <!-- testcases.TC_001_LoginPage -->
