<?xml version="1.0" encoding="UTF-8"?>
<!-- Generated by org.testng.reporters.JUnitReportReporter -->
<testsuite hostname="Likhith" failures="0" tests="2" name="testcases.TC_002_LogoutPage" time="12.757" errors="0" timestamp="2025-09-04T16:17:06 IST" skipped="0">
  <testcase classname="testcases.TC_002_LogoutPage" name="runLogout" time="6.406"/>
  <testcase classname="testcases.TC_002_LogoutPage" name="runLogout" time="6.351"/>
</testsuite> <!-- testcases.TC_002_LogoutPage -->
