<?xml version="1.0" encoding="UTF-8"?>
<!-- Generated by org.testng.reporters.JUnitReportReporter -->
<testsuite hostname="Likhith" failures="0" tests="2" name="testcases.TC_003_CreateAccount" time="18.514" errors="0" timestamp="2025-09-04T16:17:06 IST" skipped="0">
  <testcase classname="testcases.TC_003_CreateAccount" name="createLead" time="9.238"/>
  <testcase classname="testcases.TC_003_CreateAccount" name="createLead" time="9.276"/>
</testsuite> <!-- testcases.TC_003_CreateAccount -->
