<?xml version="1.0" encoding="UTF-8"?>
<!-- Generated by org.testng.reporters.JUnitXMLReporter -->
<testsuite ignored="0" hostname="Likhith" failures="0" tests="6" name="Test-parallel" time="47.151" errors="0" timestamp="2025-09-04T16:17:06 IST">
  <testcase classname="testcases.TC_001_LoginPage" name="runLogin" time="1.714"/>
  <testcase classname="testcases.TC_001_LoginPage" name="runLogin" time="1.436"/>
  <testcase classname="testcases.TC_002_LogoutPage" name="runLogout" time="0.806"/>
  <testcase classname="testcases.TC_002_LogoutPage" name="runLogout" time="0.794"/>
  <testcase classname="testcases.TC_003_CreateAccount" name="createLead" time="3.725"/>
  <testcase classname="testcases.TC_003_CreateAccount" name="createLead" time="3.666"/>
</testsuite> <!-- Test-parallel -->
