<?xml version="1.0" encoding="UTF-8"?>
<!-- Generated by org.testng.reporters.JUnitReportReporter -->
<testsuite hostname="Likhith" failures="0" tests="1" name="testcases.TC_003_CreateAccount" time="7.147" errors="0" timestamp="2025-09-04T14:24:22 IST" skipped="0">
  <testcase classname="testcases.TC_003_CreateAccount" name="createLead" time="7.147"/>
</testsuite> <!-- testcases.TC_003_CreateAccount -->
