<?xml version="1.0" encoding="UTF-8"?>
<!-- Generated by org.testng.reporters.JUnitReportReporter -->
<testsuite hostname="Likhith" failures="0" tests="1" name="testcases.TC_001_LoginPage" time="7.278" errors="0" timestamp="2025-09-04T14:24:22 IST" skipped="0">
  <testcase classname="testcases.TC_001_LoginPage" name="runLogin" time="7.278"/>
</testsuite> <!-- testcases.TC_001_LoginPage -->
