<?xml version="1.0" encoding="UTF-8"?>
<!-- Generated by org.testng.reporters.JUnitReportReporter -->
<testsuite hostname="Likhith" failures="0" tests="1" name="testcases.TC_002_LogoutPage" time="5.317" errors="0" timestamp="2025-09-04T14:24:22 IST" skipped="0">
  <testcase classname="testcases.TC_002_LogoutPage" name="runLogout" time="5.317"/>
</testsuite> <!-- testcases.TC_002_LogoutPage -->
