<?xml version="1.0" encoding="UTF-8"?>
<!-- Generated by org.testng.reporters.JUnitXMLReporter -->
<testsuite ignored="0" hostname="Likhith" failures="0" tests="3" name="Test-parallel" time="19.775" errors="0" timestamp="2025-09-04T14:24:22 IST">
  <testcase classname="testcases.TC_001_LoginPage" name="runLogin" time="1.362"/>
  <testcase classname="testcases.TC_002_LogoutPage" name="runLogout" time="0.464"/>
  <testcase classname="testcases.TC_003_CreateAccount" name="createLead" time="2.282"/>
</testsuite> <!-- Test-parallel -->
